<?xml version="1.0" encoding="UTF-8"?>
<!-- Generated by org.testng.reporters.JUnitReportReporter -->
<testsuite skipped="0" hostname="DESKTOP-A6ODG53" name="testNG.TestNgGroupTest2" tests="2" failures="0" timestamp="05 Apr 2021 06:52:24 GMT" time="0.016" errors="0">
  <testcase name="tc3" time="0.000" classname="testNG.TestNgGroupTest2"/>
  <testcase name="tc2" time="0.016" classname="testNG.TestNgGroupTest2"/>
</testsuite> <!-- testNG.TestNgGroupTest2 -->
