<?xml version="1.0" encoding="UTF-8"?>
<!-- Generated by org.testng.reporters.JUnitReportReporter -->
<testsuite skipped="2" hostname="DESKTOP-A6ODG53" name="testNG.TestNgDataProviderAnnotation" tests="7" failures="0" timestamp="04 Apr 2021 05:36:23 GMT" time="15.443" errors="0">
  <testcase name="test1" time="11.616" classname="testNG.TestNgDataProviderAnnotation"/>
  <testcase name="test1" time="1.569" classname="testNG.TestNgDataProviderAnnotation"/>
  <testcase name="test1" time="2.258" classname="testNG.TestNgDataProviderAnnotation"/>
  <testcase name="test5" time="0.000" classname="testNG.TestNgDataProviderAnnotation"/>
  <testcase name="test2" time="0.000" classname="testNG.TestNgDataProviderAnnotation"/>
  <testcase name="test4" classname="testNG.TestNgDataProviderAnnotation">
    <skipped/>
  </testcase> <!-- test4 -->
  <testcase name="test3" classname="testNG.TestNgDataProviderAnnotation">
    <skipped/>
  </testcase> <!-- test3 -->
</testsuite> <!-- testNG.TestNgDataProviderAnnotation -->
