<?xml version="1.0" encoding="UTF-8"?>
<!-- Generated by org.testng.reporters.JUnitReportReporter -->
<testsuite skipped="0" hostname="DESKTOP-A6ODG53" name="testNG.ParallelExecution2$TestNgGroupTest1" tests="3" failures="0" timestamp="07 Apr 2021 17:56:41 GMT" time="0.080" errors="0">
  <testcase name="tc15" time="0.026" classname="testNG.ParallelExecution2$TestNgGroupTest1"/>
  <testcase name="tc14" time="0.025" classname="testNG.ParallelExecution2$TestNgGroupTest1"/>
  <testcase name="tc16" time="0.029" classname="testNG.ParallelExecution2$TestNgGroupTest1"/>
</testsuite> <!-- testNG.ParallelExecution2$TestNgGroupTest1 -->
