<?xml version="1.0" encoding="UTF-8"?>
<!-- Generated by org.testng.reporters.JUnitReportReporter -->
<testsuite skipped="0" hostname="DESKTOP-A6ODG53" name="testNG.TestNgAnnotationInvocationCount" tests="3" failures="0" timestamp="04 Apr 2021 05:35:37 GMT" time="48.535" errors="0">
  <testcase name="test1" time="14.842" classname="testNG.TestNgAnnotationInvocationCount"/>
  <testcase name="test1" time="14.869" classname="testNG.TestNgAnnotationInvocationCount"/>
  <testcase name="test1" time="18.824" classname="testNG.TestNgAnnotationInvocationCount"/>
</testsuite> <!-- testNG.TestNgAnnotationInvocationCount -->
