<?xml version="1.0" encoding="UTF-8"?>
<!-- Generated by org.testng.reporters.JUnitReportReporter -->
<testsuite skipped="0" hostname="DESKTOP-LU09BBF" name="testNG.TestNGCrossBrowser" tests="3" failures="0" timestamp="25 Apr 2021 18:25:12 GMT" time="26.162" errors="0">
  <testcase name="crossBrowser" time="3.725" classname="testNG.TestNGCrossBrowser"/>
  <testcase name="crossBrowser" time="7.807" classname="testNG.TestNGCrossBrowser"/>
  <testcase name="crossBrowser" time="14.630" classname="testNG.TestNGCrossBrowser"/>
</testsuite> <!-- testNG.TestNGCrossBrowser -->
