<?xml version="1.0" encoding="UTF-8"?>
<!-- Generated by org.testng.reporters.JUnitReportReporter -->
<testsuite skipped="0" hostname="DESKTOP-A6ODG53" name="testNG.ParallelExecution3$TestNgGroupTest1" tests="3" failures="0" timestamp="07 Apr 2021 17:56:41 GMT" time="0.031" errors="0">
  <testcase name="tc19" time="0.002" classname="testNG.ParallelExecution3$TestNgGroupTest1"/>
  <testcase name="tc17" time="0.018" classname="testNG.ParallelExecution3$TestNgGroupTest1"/>
  <testcase name="tc18" time="0.011" classname="testNG.ParallelExecution3$TestNgGroupTest1"/>
</testsuite> <!-- testNG.ParallelExecution3$TestNgGroupTest1 -->
