<?xml version="1.0" encoding="UTF-8"?>
<!-- Generated by org.testng.reporters.JUnitReportReporter -->
<testsuite skipped="0" hostname="DESKTOP-LU09BBF" name="testNG.TestNgAnnotationDataprovider" tests="3" failures="0" timestamp="25 Apr 2021 18:07:48 GMT" time="17.366" errors="0">
  <testcase name="test1" time="5.142" classname="testNG.TestNgAnnotationDataprovider"/>
  <testcase name="test1" time="5.348" classname="testNG.TestNgAnnotationDataprovider"/>
  <testcase name="test1" time="6.876" classname="testNG.TestNgAnnotationDataprovider"/>
</testsuite> <!-- testNG.TestNgAnnotationDataprovider -->
