<?xml version="1.0" encoding="UTF-8"?>
<!-- Generated by org.testng.reporters.JUnitReportReporter -->
<testsuite skipped="0" hostname="DESKTOP-A6ODG53" name="testNG.ParallelExecution1$TestNgGroupTest1" tests="3" failures="0" timestamp="07 Apr 2021 17:56:41 GMT" time="0.075" errors="0">
  <testcase name="tc13" time="0.026" classname="testNG.ParallelExecution1$TestNgGroupTest1"/>
  <testcase name="tc12" time="0.024" classname="testNG.ParallelExecution1$TestNgGroupTest1"/>
  <testcase name="tc11" time="0.025" classname="testNG.ParallelExecution1$TestNgGroupTest1"/>
</testsuite> <!-- testNG.ParallelExecution1$TestNgGroupTest1 -->
