<?xml version="1.0" encoding="UTF-8"?>
<!-- Generated by org.testng.reporters.JUnitReportReporter -->
<testsuite skipped="0" hostname="DESKTOP-A6ODG53" name="testNG.TestNGCrossBrowser" tests="3" failures="0" timestamp="07 Apr 2021 04:17:38 GMT" time="30.070" errors="0">
  <testcase name="crossBrowser" time="6.212" classname="testNG.TestNGCrossBrowser"/>
  <testcase name="crossBrowser" time="3.725" classname="testNG.TestNGCrossBrowser"/>
  <testcase name="crossBrowser" time="20.133" classname="testNG.TestNGCrossBrowser"/>
</testsuite> <!-- testNG.TestNGCrossBrowser -->
