<?xml version="1.0" encoding="UTF-8"?>
<!-- Generated by org.testng.reporters.JUnitReportReporter -->
<testsuite skipped="0" hostname="DESKTOP-A6ODG53" name="testNG.TestNgParameterTest" tests="1" failures="0" timestamp="03 Apr 2021 16:59:41 GMT" time="6.877" errors="0">
  <testcase name="loginpagetc1" time="6.877" classname="testNG.TestNgParameterTest"/>
</testsuite> <!-- testNG.TestNgParameterTest -->
