<?xml version="1.0" encoding="UTF-8"?>
<!-- Generated by org.testng.reporters.JUnitReportReporter -->
<testsuite skipped="0" hostname="DESKTOP-A6ODG53" name="testNG.TestNgSample2" tests="1" failures="0" timestamp="03 Apr 2021 15:56:18 GMT" time="4.796" errors="0">
  <testcase name="loginpagetc1" time="4.796" classname="testNG.TestNgSample2"/>
</testsuite> <!-- testNG.TestNgSample2 -->
