<?xml version="1.0" encoding="UTF-8"?>
<!-- Generated by org.testng.reporters.JUnitReportReporter -->
<testsuite skipped="0" hostname="DESKTOP-LU09BBF" name="testNG.TestNgParameterTest" tests="1" failures="0" timestamp="25 Apr 2021 17:48:43 GMT" time="5.820" errors="0">
  <testcase name="loginpagetc1" time="5.820" classname="testNG.TestNgParameterTest"/>
</testsuite> <!-- testNG.TestNgParameterTest -->
