<?xml version="1.0" encoding="UTF-8"?>
<!-- Generated by org.testng.reporters.JUnitReportReporter -->
<testsuite skipped="0" hostname="DESKTOP-A6ODG53" name="testNG.TestNgAnnotationDataprovider3" tests="2" failures="0" timestamp="09 Apr 2021 11:26:53 GMT" time="26.561" errors="0">
  <testcase name="test1" time="14.920" classname="testNG.TestNgAnnotationDataprovider3"/>
  <testcase name="test1" time="11.641" classname="testNG.TestNgAnnotationDataprovider3"/>
</testsuite> <!-- testNG.TestNgAnnotationDataprovider3 -->
